<?xml version="1.0" encoding="UTF-8"?>
<coverage generated="1435885063">
  <project timestamp="1435885063">
    <package name="Nats">
      <file name="/Users/raul/Projects/phpnats/src/Connection.php">
        <class name="Connection" namespace="Nats" fullPackage="Nats" category="Class" package="Nats">
          <metrics methods="20" coveredmethods="15" conditionals="0" coveredconditionals="0" statements="79" coveredstatements="66" elements="99" coveredelements="81"/>
        </class>
        <line num="38" type="method" name="pingsCount" crap="1" count="1"/>
        <line num="40" type="stmt" count="1"/>
        <line num="55" type="method" name="pubsCount" crap="1" count="1"/>
        <line num="57" type="stmt" count="1"/>
        <line num="72" type="method" name="reconnectsCount" crap="1" count="1"/>
        <line num="74" type="stmt" count="1"/>
        <line num="89" type="method" name="subscriptionsCount" crap="1" count="1"/>
        <line num="91" type="stmt" count="1"/>
        <line num="99" type="method" name="getSubscriptions" crap="1" count="1"/>
        <line num="101" type="stmt" count="1"/>
        <line num="119" type="method" name="__construct" crap="1" count="6"/>
        <line num="121" type="stmt" count="6"/>
        <line num="122" type="stmt" count="6"/>
        <line num="123" type="stmt" count="6"/>
        <line num="124" type="stmt" count="6"/>
        <line num="126" type="stmt" count="6"/>
        <line num="127" type="stmt" count="6"/>
        <line num="136" type="method" name="_send" crap="1" count="6"/>
        <line num="138" type="stmt" count="6"/>
        <line num="139" type="stmt" count="6"/>
        <line num="140" type="stmt" count="6"/>
        <line num="149" type="method" name="_receive" crap="2" count="1"/>
        <line num="151" type="stmt" count="1"/>
        <line num="152" type="stmt" count="1"/>
        <line num="154" type="stmt" count="1"/>
        <line num="165" type="method" name="_getStream" crap="2.15" count="6"/>
        <line num="167" type="stmt" count="6"/>
        <line num="168" type="stmt" count="6"/>
        <line num="169" type="stmt" count="0"/>
        <line num="170" type="stmt" count="0"/>
        <line num="171" type="stmt" count="6"/>
        <line num="172" type="stmt" count="6"/>
        <line num="180" type="method" name="isConnected" crap="1" count="1"/>
        <line num="182" type="stmt" count="1"/>
        <line num="190" type="method" name="connect" crap="1" count="6"/>
        <line num="191" type="stmt" count="6"/>
        <line num="192" type="stmt" count="6"/>
        <line num="193" type="stmt" count="6"/>
        <line num="194" type="stmt" count="6"/>
        <line num="201" type="method" name="ping" crap="1" count="1"/>
        <line num="203" type="stmt" count="1"/>
        <line num="204" type="stmt" count="1"/>
        <line num="205" type="stmt" count="1"/>
        <line num="206" type="stmt" count="1"/>
        <line num="216" type="method" name="publish" crap="1" count="2"/>
        <line num="218" type="stmt" count="2"/>
        <line num="219" type="stmt" count="2"/>
        <line num="220" type="stmt" count="2"/>
        <line num="221" type="stmt" count="2"/>
        <line num="222" type="stmt" count="2"/>
        <line num="232" type="method" name="subscribe" crap="1" count="1"/>
        <line num="234" type="stmt" count="1"/>
        <line num="235" type="stmt" count="1"/>
        <line num="236" type="stmt" count="1"/>
        <line num="237" type="stmt" count="1"/>
        <line num="238" type="stmt" count="1"/>
        <line num="248" type="method" name="unsubscribe" crap="2" count="0"/>
        <line num="250" type="stmt" count="0"/>
        <line num="251" type="stmt" count="0"/>
        <line num="252" type="stmt" count="0"/>
        <line num="259" type="method" name="_handlePING" crap="2" count="0"/>
        <line num="261" type="stmt" count="0"/>
        <line num="262" type="stmt" count="0"/>
        <line num="271" type="method" name="_handleMSG" crap="2.00" count="1"/>
        <line num="273" type="stmt" count="1"/>
        <line num="274" type="stmt" count="1"/>
        <line num="275" type="stmt" count="1"/>
        <line num="277" type="stmt" count="1"/>
        <line num="279" type="stmt" count="1"/>
        <line num="280" type="stmt" count="1"/>
        <line num="281" type="stmt" count="1"/>
        <line num="282" type="stmt" count="1"/>
        <line num="283" type="stmt" count="0"/>
        <line num="286" type="stmt" count="1"/>
        <line num="296" type="method" name="wait" crap="7.33" count="1"/>
        <line num="298" type="stmt" count="1"/>
        <line num="299" type="stmt" count="1"/>
        <line num="300" type="stmt" count="1"/>
        <line num="303" type="stmt" count="1"/>
        <line num="304" type="stmt" count="0"/>
        <line num="305" type="stmt" count="0"/>
        <line num="308" type="stmt" count="1"/>
        <line num="309" type="stmt" count="1"/>
        <line num="310" type="stmt" count="1"/>
        <line num="311" type="stmt" count="1"/>
        <line num="312" type="stmt" count="1"/>
        <line num="314" type="stmt" count="0"/>
        <line num="315" type="stmt" count="1"/>
        <line num="316" type="stmt" count="0"/>
        <line num="317" type="stmt" count="0"/>
        <line num="325" type="method" name="reconnect" crap="1" count="1"/>
        <line num="327" type="stmt" count="1"/>
        <line num="328" type="stmt" count="1"/>
        <line num="329" type="stmt" count="1"/>
        <line num="330" type="stmt" count="1"/>
        <line num="337" type="method" name="close" crap="1" count="4"/>
        <line num="339" type="stmt" count="4"/>
        <line num="340" type="stmt" count="4"/>
        <line num="341" type="stmt" count="4"/>
        <metrics loc="343" ncloc="175" classes="1" methods="20" coveredmethods="15" conditionals="0" coveredconditionals="0" statements="79" coveredstatements="66" elements="99" coveredelements="81"/>
      </file>
      <file name="/Users/raul/Projects/phpnats/src/ConnectionOptions.php">
        <class name="ConnectionOptions" namespace="Nats" fullPackage="Nats" category="Class" package="Nats">
          <metrics methods="2" coveredmethods="2" conditionals="0" coveredconditionals="0" statements="9" coveredstatements="9" elements="11" coveredelements="11"/>
        </class>
        <line num="95" type="method" name="getAddress" crap="1" count="6"/>
        <line num="96" type="stmt" count="6"/>
        <line num="104" type="method" name="toJSON" crap="3" count="6"/>
        <line num="106" type="stmt" count="6"/>
        <line num="107" type="stmt" count="6"/>
        <line num="108" type="stmt" count="6"/>
        <line num="109" type="stmt" count="6"/>
        <line num="110" type="stmt" count="6"/>
        <line num="111" type="stmt" count="6"/>
        <line num="112" type="stmt" count="6"/>
        <line num="113" type="stmt" count="6"/>
        <metrics loc="116" ncloc="41" classes="1" methods="2" coveredmethods="2" conditionals="0" coveredconditionals="0" statements="9" coveredstatements="9" elements="11" coveredelements="11"/>
      </file>
    </package>
    <metrics files="2" loc="459" ncloc="216" classes="2" methods="22" coveredmethods="17" conditionals="0" coveredconditionals="0" statements="88" coveredstatements="75" elements="110" coveredelements="92"/>
  </project>
</coverage>
